<?xml version="1.0" encoding="UTF-8"?>
<testsuite xmlns:xsi="http://www.w3.org/2001/XMLSchema-instance" xsi:noNamespaceSchemaLocation="https://maven.apache.org/surefire/maven-surefire-plugin/xsd/surefire-test-report.xsd" name="TestCases" time="0.022" tests="8" errors="0" skipped="0" failures="7">
  <properties>
[...]
</properties>
  <testcase name="basicChecks" classname="TestCases" time="0.011">
    <failure message="Multiple Failures (1 failure)&#10;	java.lang.ClassNotFoundException: dao.PersonDaoImpl" type="org.opentest4j.MultipleFailuresError">org.opentest4j.MultipleFailuresError: 
Multiple Failures (1 failure)
	java.lang.ClassNotFoundException: dao.PersonDaoImpl
	at TestCases.basicChecks(TestCases.java:25)
</failure>
  </testcase>
  <testcase name="addPerson" classname="TestCases" time="0">
    <failure message="Multiple Failures (1 failure)&#10;	java.lang.NoSuchMethodException: utilities.EMUtil.provideEntityManager()" type="org.opentest4j.MultipleFailuresError">org.opentest4j.MultipleFailuresError: 
Multiple Failures (1 failure)
	java.lang.NoSuchMethodException: utilities.EMUtil.provideEntityManager()
	at TestCases.addPerson(TestCases.java:41)
</failure>
  </testcase>
  <testcase name="addPersonException" classname="TestCases" time="0">
    <failure message="Multiple Failures (1 failure)&#10;	java.lang.NoSuchMethodException: entities.Person.setName(java.lang.String)" type="org.opentest4j.MultipleFailuresError">org.opentest4j.MultipleFailuresError: 
Multiple Failures (1 failure)
	java.lang.NoSuchMethodException: entities.Person.setName(java.lang.String)
	at TestCases.addPersonException(TestCases.java:65)
</failure>
  </testcase>
  <testcase name="findPersonById" classname="TestCases" time="0">
    <failure message="Multiple Failures (1 failure)&#10;	java.lang.NoSuchMethodException: utilities.EMUtil.provideEntityManager()" type="org.opentest4j.MultipleFailuresError">org.opentest4j.MultipleFailuresError: 
Multiple Failures (1 failure)
	java.lang.NoSuchMethodException: utilities.EMUtil.provideEntityManager()
	at TestCases.findPersonById(TestCases.java:80)
</failure>
  </testcase>
  <testcase name="findPersonByIdException" classname="TestCases" time="0">
    <failure message="Multiple Failures (1 failure)&#10;	java.lang.NoSuchMethodException: utilities.EMUtil.provideEntityManager()" type="org.opentest4j.MultipleFailuresError">org.opentest4j.MultipleFailuresError: 
Multiple Failures (1 failure)
	java.lang.NoSuchMethodException: utilities.EMUtil.provideEntityManager()
	at TestCases.findPersonByIdException(TestCases.java:98)
</failure>
  </testcase>
  <testcase name="deletePerson" classname="TestCases" time="0">
    <failure message="Multiple Failures (1 failure)&#10;	java.lang.NoSuchMethodException: utilities.EMUtil.provideEntityManager()" type="org.opentest4j.MultipleFailuresError">org.opentest4j.MultipleFailuresError: 
Multiple Failures (1 failure)
	java.lang.NoSuchMethodException: utilities.EMUtil.provideEntityManager()
	at TestCases.deletePerson(TestCases.java:121)
</failure>
  </testcase>
  <testcase name="deletePersonException" classname="TestCases" time="0">
    <failure message="Multiple Failures (1 failure)&#10;	java.lang.NoSuchMethodException: utilities.EMUtil.provideEntityManager()" type="org.opentest4j.MultipleFailuresError">org.opentest4j.MultipleFailuresError: 
Multiple Failures (1 failure)
	java.lang.NoSuchMethodException: utilities.EMUtil.provideEntityManager()
	at TestCases.deletePersonException(TestCases.java:143)
</failure>
  </testcase>
  <testcase name="buildScore" classname="TestCases" time="0.001"/>
</testsuite>